[0;34m[INFO][0m 2024-11-03 10:16:05 - Starting services...
[0;31m[ERROR][0m 2024-11-03 10:16:08 - Error on line 285: Command failed with exit code 130
[0;34m[INFO][0m 2024-11-03 10:16:48 - Starting services...
[0;32m[SUCCESS][0m 2024-11-03 10:21:01 - Services started
[0;34m[INFO][0m 2024-11-03 10:22:32 - Starting services...
[0;32m[SUCCESS][0m 2024-11-03 10:22:34 - Services started
[0;34m[INFO][0m 2024-11-03 10:26:11 - Starting services...
[0;31m[ERROR][0m 2024-11-03 10:26:13 - Error on line 285: Command failed with exit code 1
[0;34m[INFO][0m 2024-11-03 10:26:25 - Starting services...
[0;31m[ERROR][0m 2024-11-03 10:26:25 - Error on line 285: Command failed with exit code 1
[0;34m[INFO][0m 2024-11-03 10:28:01 - Starting services...
[0;31m[ERROR][0m 2024-11-03 10:28:02 - Error on line 285: Command failed with exit code 1
[0;34m[INFO][0m 2024-11-03 10:28:21 - Stopping services...
[0;32m[SUCCESS][0m 2024-11-03 10:28:31 - Services stopped
[0;34m[INFO][0m 2024-11-03 10:28:34 - Starting services...
[0;32m[SUCCESS][0m 2024-11-03 10:28:35 - Services started
[0;34m[INFO][0m 2024-11-03 10:44:53 - Starting services...
[0;32m[SUCCESS][0m 2024-11-03 10:44:54 - Services started
[0;34m[INFO][0m 2024-11-03 10:52:30 - Starting services...
[0;32m[SUCCESS][0m 2024-11-03 10:52:32 - Services started
[0;34m[INFO][0m 2024-11-03 11:02:27 - Starting services...
[0;32m[SUCCESS][0m 2024-11-03 11:02:27 - Services started
[0;34m[INFO][0m 2024-11-03 11:05:07 - Starting services...
[0;32m[SUCCESS][0m 2024-11-03 11:05:08 - Services started
[0;34m[INFO][0m 2024-11-03 11:08:44 - Starting services...
[0;32m[SUCCESS][0m 2024-11-03 11:08:46 - Services started
[0;34m[INFO][0m 2024-11-03 11:11:31 - Starting services...
[0;32m[SUCCESS][0m 2024-11-03 11:11:32 - Services started
[0;34m[INFO][0m 2024-11-03 11:21:56 - Starting services...
[0;32m[SUCCESS][0m 2024-11-03 11:21:57 - Services started
[0;34m[INFO][0m 2024-11-03 11:24:41 - Starting services...
[0;32m[SUCCESS][0m 2024-11-03 11:24:42 - Services started
[0;34m[INFO][0m 2024-11-03 11:27:53 - Starting services...
[0;32m[SUCCESS][0m 2024-11-03 11:27:54 - Services started
[0;34m[INFO][0m 2024-11-03 11:28:04 - Starting services...
[0;32m[SUCCESS][0m 2024-11-03 11:28:05 - Services started
[0;34m[INFO][0m 2024-11-03 11:40:12 - Starting services...
[0;32m[SUCCESS][0m 2024-11-03 11:40:13 - Services started
[0;34m[INFO][0m 2024-11-03 11:55:27 - Starting services...
[0;32m[SUCCESS][0m 2024-11-03 11:55:28 - Services started
[0;34m[INFO][0m 2024-11-03 11:56:31 - Starting services...
[0;32m[SUCCESS][0m 2024-11-03 11:56:32 - Services started
